----------------------------------------------------------------------------------------------------
predicted samples of each class: 	[2317.  260. 1071.]
actual samples of each class:		[2240.  256. 1152.]
correct count of each class:		[2209.  239. 1027.]
precision of each class:		[95.339, 91.923, 95.892]
recall of each class:			[98.616, 93.359, 89.149]
----------------------------------------------------------------------------------------------------
predicted samples of each class: 	[2362.  282. 1004.]
actual samples of each class:		[2240.  256. 1152.]
correct count of each class:		[2218.  246.  979.]
precision of each class:		[93.903, 87.234, 97.51]
recall of each class:			[99.018, 96.094, 84.983]
----------------------------------------------------------------------------------------------------
predicted samples of each class: 	[2338.  259. 1051.]
actual samples of each class:		[2240.  256. 1152.]
correct count of each class:		[2217.  242. 1019.]
precision of each class:		[94.825, 93.436, 96.955]
recall of each class:			[98.973, 94.531, 88.455]
----------------------------------------------------------------------------------------------------
predicted samples of each class: 	[2222.  252. 1174.]
actual samples of each class:		[2240.  256. 1152.]
correct count of each class:		[2153.  240. 1079.]
precision of each class:		[96.895, 95.238, 91.908]
recall of each class:			[96.116, 93.75, 93.663]
----------------------------------------------------------------------------------------------------
predicted samples of each class: 	[2304.  282. 1062.]
actual samples of each class:		[2240.  256. 1152.]
correct count of each class:		[2208.  248. 1027.]
precision of each class:		[95.833, 87.943, 96.704]
recall of each class:			[98.571, 96.875, 89.149]
----------------------------------------------------------------------------------------------------
predicted samples of each class: 	[2343.  257. 1048.]
actual samples of each class:		[2240.  256. 1152.]
correct count of each class:		[2222.  242. 1019.]
precision of each class:		[94.836, 94.163, 97.233]
recall of each class:			[99.196, 94.531, 88.455]
----------------------------------------------------------------------------------------------------
predicted samples of each class: 	[2344.  259. 1045.]
actual samples of each class:		[2240.  256. 1152.]
correct count of each class:		[2231.  244. 1025.]
precision of each class:		[95.179, 94.208, 98.086]
recall of each class:			[99.598, 95.312, 88.976]
----------------------------------------------------------------------------------------------------
predicted samples of each class: 	[2312.  256. 1080.]
actual samples of each class:		[2240.  256. 1152.]
correct count of each class:		[2228.  247. 1061.]
precision of each class:		[96.367, 96.484, 98.241]
recall of each class:			[99.464, 96.484, 92.101]
----------------------------------------------------------------------------------------------------
predicted samples of each class: 	[2282.  257. 1109.]
actual samples of each class:		[2240.  256. 1152.]
correct count of each class:		[2181.  245. 1039.]
precision of each class:		[95.574, 95.331, 93.688]
recall of each class:			[97.366, 95.703, 90.191]
----------------------------------------------------------------------------------------------------
predicted samples of each class: 	[2276.  264. 1108.]
actual samples of each class:		[2240.  256. 1152.]
correct count of each class:		[2187.  244. 1047.]
precision of each class:		[96.09, 92.424, 94.495]
recall of each class:			[97.634, 95.312, 90.885]
----------------------------------------------------------------------------------------------------
predicted samples of each class: 	[2311.  261. 1076.]
actual samples of each class:		[2240.  256. 1152.]
correct count of each class:		[2219.  246. 1054.]
precision of each class:		[96.019, 94.253, 97.955]
recall of each class:			[99.063, 96.094, 91.493]
----------------------------------------------------------------------------------------------------
predicted samples of each class: 	[2293.  249. 1106.]
actual samples of each class:		[2240.  256. 1152.]
correct count of each class:		[2209.  240. 1067.]
precision of each class:		[96.337, 96.386, 96.474]
recall of each class:			[98.616, 93.75, 92.622]
----------------------------------------------------------------------------------------------------
predicted samples of each class: 	[2257.  294. 1097.]
actual samples of each class:		[2240.  256. 1152.]
correct count of each class:		[2183.  251. 1047.]
precision of each class:		[96.721, 85.374, 95.442]
recall of each class:			[97.455, 98.047, 90.885]
----------------------------------------------------------------------------------------------------
predicted samples of each class: 	[2329.  256. 1063.]
actual samples of each class:		[2240.  256. 1152.]
correct count of each class:		[2217.  248. 1034.]
precision of each class:		[95.191, 96.875, 97.272]
recall of each class:			[98.973, 96.875, 89.757]
----------------------------------------------------------------------------------------------------
predicted samples of each class: 	[2329.  269. 1050.]
actual samples of each class:		[2240.  256. 1152.]
correct count of each class:		[2228.  251. 1036.]
precision of each class:		[95.663, 93.309, 98.667]
recall of each class:			[99.464, 98.047, 89.931]
----------------------------------------------------------------------------------------------------
predicted samples of each class: 	[2266.  244. 1138.]
actual samples of each class:		[2240.  256. 1152.]
correct count of each class:		[2199.  238. 1082.]
precision of each class:		[97.043, 97.541, 95.079]
recall of each class:			[98.17, 92.969, 93.924]
----------------------------------------------------------------------------------------------------
predicted samples of each class: 	[2330.  248. 1070.]
actual samples of each class:		[2240.  256. 1152.]
correct count of each class:		[2230.  243. 1048.]
precision of each class:		[95.708, 97.984, 97.944]
recall of each class:			[99.554, 94.922, 90.972]
----------------------------------------------------------------------------------------------------
predicted samples of each class: 	[2274.  254. 1120.]
actual samples of each class:		[2240.  256. 1152.]
correct count of each class:		[2213.  243. 1082.]
precision of each class:		[97.318, 95.669, 96.607]
recall of each class:			[98.795, 94.922, 93.924]
----------------------------------------------------------------------------------------------------
predicted samples of each class: 	[2329.  251. 1068.]
actual samples of each class:		[2240.  256. 1152.]
correct count of each class:		[2235.  245. 1052.]
precision of each class:		[95.964, 97.61, 98.502]
recall of each class:			[99.777, 95.703, 91.319]
----------------------------------------------------------------------------------------------------
predicted samples of each class: 	[2306.  270. 1072.]
actual samples of each class:		[2240.  256. 1152.]
correct count of each class:		[2225.  250. 1053.]
precision of each class:		[96.487, 92.593, 98.228]
recall of each class:			[99.33, 97.656, 91.406]
----------------------------------------------------------------------------------------------------
predicted samples of each class: 	[2321.  273. 1054.]
actual samples of each class:		[2240.  256. 1152.]
correct count of each class:		[2231.  248. 1039.]
precision of each class:		[96.122, 90.842, 98.577]
recall of each class:			[99.598, 96.875, 90.191]
----------------------------------------------------------------------------------------------------
predicted samples of each class: 	[2283.  261. 1104.]
actual samples of each class:		[2240.  256. 1152.]
correct count of each class:		[2221.  248. 1080.]
precision of each class:		[97.284, 95.019, 97.826]
recall of each class:			[99.152, 96.875, 93.75]
----------------------------------------------------------------------------------------------------
predicted samples of each class: 	[2286.  246. 1116.]
actual samples of each class:		[2240.  256. 1152.]
correct count of each class:		[2220.  242. 1083.]
precision of each class:		[97.113, 98.374, 97.043]
recall of each class:			[99.107, 94.531, 94.01]
----------------------------------------------------------------------------------------------------
predicted samples of each class: 	[2285.  256. 1107.]
actual samples of each class:		[2240.  256. 1152.]
correct count of each class:		[2220.  249. 1084.]
precision of each class:		[97.155, 97.266, 97.922]
recall of each class:			[99.107, 97.266, 94.097]
----------------------------------------------------------------------------------------------------
predicted samples of each class: 	[2278.  253. 1117.]
actual samples of each class:		[2240.  256. 1152.]
correct count of each class:		[2215.  249. 1087.]
precision of each class:		[97.234, 98.419, 97.314]
recall of each class:			[98.884, 97.266, 94.358]
----------------------------------------------------------------------------------------------------
predicted samples of each class: 	[2281.  268. 1099.]
actual samples of each class:		[2240.  256. 1152.]
correct count of each class:		[2219.  249. 1079.]
precision of each class:		[97.282, 92.91, 98.18]
recall of each class:			[99.063, 97.266, 93.663]
----------------------------------------------------------------------------------------------------
predicted samples of each class: 	[2255.  264. 1129.]
actual samples of each class:		[2240.  256. 1152.]
correct count of each class:		[2208.  250. 1092.]
precision of each class:		[97.916, 94.697, 96.723]
recall of each class:			[98.571, 97.656, 94.792]
----------------------------------------------------------------------------------------------------
predicted samples of each class: 	[2282.  248. 1118.]
actual samples of each class:		[2240.  256. 1152.]
correct count of each class:		[2225.  244. 1094.]
precision of each class:		[97.502, 98.387, 97.853]
recall of each class:			[99.33, 95.312, 94.965]
----------------------------------------------------------------------------------------------------
predicted samples of each class: 	[2264.  262. 1122.]
actual samples of each class:		[2240.  256. 1152.]
correct count of each class:		[2211.  248. 1089.]
precision of each class:		[97.659, 94.656, 97.059]
recall of each class:			[98.705, 96.875, 94.531]
----------------------------------------------------------------------------------------------------
predicted samples of each class: 	[2267.  248. 1133.]
actual samples of each class:		[2240.  256. 1152.]
correct count of each class:		[2213.  242. 1095.]
precision of each class:		[97.618, 97.581, 96.646]
recall of each class:			[98.795, 94.531, 95.052]
----------------------------------------------------------------------------------------------------
predicted samples of each class: 	[2310.  253. 1085.]
actual samples of each class:		[2240.  256. 1152.]
correct count of each class:		[2230.  250. 1070.]
precision of each class:		[96.537, 98.814, 98.618]
recall of each class:			[99.554, 97.656, 92.882]
----------------------------------------------------------------------------------------------------
predicted samples of each class: 	[2261.  246. 1141.]
actual samples of each class:		[2240.  256. 1152.]
correct count of each class:		[2212.  244. 1102.]
precision of each class:		[97.833, 99.187, 96.582]
recall of each class:			[98.75, 95.312, 95.66]
----------------------------------------------------------------------------------------------------
predicted samples of each class: 	[2283.  263. 1102.]
actual samples of each class:		[2240.  256. 1152.]
correct count of each class:		[2219.  249. 1079.]
precision of each class:		[97.197, 94.677, 97.913]
recall of each class:			[99.063, 97.266, 93.663]
----------------------------------------------------------------------------------------------------
predicted samples of each class: 	[2273.  256. 1119.]
actual samples of each class:		[2240.  256. 1152.]
correct count of each class:		[2217.  248. 1090.]
precision of each class:		[97.536, 96.875, 97.408]
recall of each class:			[98.973, 96.875, 94.618]
----------------------------------------------------------------------------------------------------
predicted samples of each class: 	[2259.  260. 1129.]
actual samples of each class:		[2240.  256. 1152.]
correct count of each class:		[2216.  251. 1102.]
precision of each class:		[98.097, 96.538, 97.609]
recall of each class:			[98.929, 98.047, 95.66]
----------------------------------------------------------------------------------------------------
predicted samples of each class: 	[2254.  265. 1129.]
actual samples of each class:		[2240.  256. 1152.]
correct count of each class:		[2214.  253. 1103.]
precision of each class:		[98.225, 95.472, 97.697]
recall of each class:			[98.839, 98.828, 95.747]
----------------------------------------------------------------------------------------------------
predicted samples of each class: 	[2299.  257. 1092.]
actual samples of each class:		[2240.  256. 1152.]
correct count of each class:		[2227.  247. 1073.]
precision of each class:		[96.868, 96.109, 98.26]
recall of each class:			[99.42, 96.484, 93.142]
----------------------------------------------------------------------------------------------------
predicted samples of each class: 	[2240.  253. 1155.]
actual samples of each class:		[2240.  256. 1152.]
correct count of each class:		[2205.  243. 1115.]
precision of each class:		[98.438, 96.047, 96.537]
recall of each class:			[98.438, 94.922, 96.788]
----------------------------------------------------------------------------------------------------
predicted samples of each class: 	[2279.  250. 1119.]
actual samples of each class:		[2240.  256. 1152.]
correct count of each class:		[2225.  246. 1095.]
precision of each class:		[97.631, 98.4, 97.855]
recall of each class:			[99.33, 96.094, 95.052]
----------------------------------------------------------------------------------------------------
predicted samples of each class: 	[2297.  254. 1097.]
actual samples of each class:		[2240.  256. 1152.]
correct count of each class:		[2230.  249. 1080.]
precision of each class:		[97.083, 98.031, 98.45]
recall of each class:			[99.554, 97.266, 93.75]
----------------------------------------------------------------------------------------------------
predicted samples of each class: 	[2260.  256. 1132.]
actual samples of each class:		[2240.  256. 1152.]
correct count of each class:		[2208.  251. 1095.]
precision of each class:		[97.699, 98.047, 96.731]
recall of each class:			[98.571, 98.047, 95.052]
----------------------------------------------------------------------------------------------------
predicted samples of each class: 	[2248.  256. 1144.]
actual samples of each class:		[2240.  256. 1152.]
correct count of each class:		[2214.  250. 1114.]
precision of each class:		[98.488, 97.656, 97.378]
recall of each class:			[98.839, 97.656, 96.701]
----------------------------------------------------------------------------------------------------
predicted samples of each class: 	[2259.  257. 1132.]
actual samples of each class:		[2240.  256. 1152.]
correct count of each class:		[2216.  249. 1105.]
precision of each class:		[98.097, 96.887, 97.615]
recall of each class:			[98.929, 97.266, 95.92]
----------------------------------------------------------------------------------------------------
predicted samples of each class: 	[2228.  264. 1156.]
actual samples of each class:		[2240.  256. 1152.]
correct count of each class:		[2197.  250. 1109.]
precision of each class:		[98.609, 94.697, 95.934]
recall of each class:			[98.08, 97.656, 96.267]
----------------------------------------------------------------------------------------------------
predicted samples of each class: 	[2286.  264. 1098.]
actual samples of each class:		[2240.  256. 1152.]
correct count of each class:		[2231.  254. 1087.]
precision of each class:		[97.594, 96.212, 98.998]
recall of each class:			[99.598, 99.219, 94.358]
----------------------------------------------------------------------------------------------------
predicted samples of each class: 	[2271.  255. 1122.]
actual samples of each class:		[2240.  256. 1152.]
correct count of each class:		[2224.  248. 1099.]
precision of each class:		[97.93, 97.255, 97.95]
recall of each class:			[99.286, 96.875, 95.399]
----------------------------------------------------------------------------------------------------
predicted samples of each class: 	[2268.  257. 1123.]
actual samples of each class:		[2240.  256. 1152.]
correct count of each class:		[2228.  251. 1106.]
precision of each class:		[98.236, 97.665, 98.486]
recall of each class:			[99.464, 98.047, 96.007]
----------------------------------------------------------------------------------------------------
predicted samples of each class: 	[2263.  258. 1127.]
actual samples of each class:		[2240.  256. 1152.]
correct count of each class:		[2226.  253. 1111.]
precision of each class:		[98.365, 98.062, 98.58]
recall of each class:			[99.375, 98.828, 96.441]
----------------------------------------------------------------------------------------------------
predicted samples of each class: 	[2253.  255. 1140.]
actual samples of each class:		[2240.  256. 1152.]
correct count of each class:		[2222.  249. 1116.]
precision of each class:		[98.624, 97.647, 97.895]
recall of each class:			[99.196, 97.266, 96.875]
----------------------------------------------------------------------------------------------------
predicted samples of each class: 	[2278.  263. 1107.]
actual samples of each class:		[2240.  256. 1152.]
correct count of each class:		[2230.  253. 1095.]
precision of each class:		[97.893, 96.198, 98.916]
recall of each class:			[99.554, 98.828, 95.052]
----------------------------------------------------------------------------------------------------
predicted samples of each class: 	[2253.  258. 1137.]
actual samples of each class:		[2240.  256. 1152.]
correct count of each class:		[2222.  252. 1115.]
precision of each class:		[98.624, 97.674, 98.065]
recall of each class:			[99.196, 98.438, 96.788]
----------------------------------------------------------------------------------------------------
predicted samples of each class: 	[2249.  249. 1150.]
actual samples of each class:		[2240.  256. 1152.]
correct count of each class:		[2208.  249. 1112.]
precision of each class:		[98.177, 100.0, 96.696]
recall of each class:			[98.571, 97.266, 96.528]
----------------------------------------------------------------------------------------------------
predicted samples of each class: 	[2273.  254. 1121.]
actual samples of each class:		[2240.  256. 1152.]
correct count of each class:		[2223.  251. 1101.]
precision of each class:		[97.8, 98.819, 98.216]
recall of each class:			[99.241, 98.047, 95.573]
----------------------------------------------------------------------------------------------------
predicted samples of each class: 	[2229.  260. 1159.]
actual samples of each class:		[2240.  256. 1152.]
correct count of each class:		[2206.  252. 1123.]
precision of each class:		[98.968, 96.923, 96.894]
recall of each class:			[98.482, 98.438, 97.483]
----------------------------------------------------------------------------------------------------
predicted samples of each class: 	[2271.  255. 1122.]
actual samples of each class:		[2240.  256. 1152.]
correct count of each class:		[2228.  249. 1105.]
precision of each class:		[98.107, 97.647, 98.485]
recall of each class:			[99.464, 97.266, 95.92]
----------------------------------------------------------------------------------------------------
predicted samples of each class: 	[2272.  254. 1122.]
actual samples of each class:		[2240.  256. 1152.]
correct count of each class:		[2228.  252. 1106.]
precision of each class:		[98.063, 99.213, 98.574]
recall of each class:			[99.464, 98.438, 96.007]
----------------------------------------------------------------------------------------------------
predicted samples of each class: 	[2271.  256. 1121.]
actual samples of each class:		[2240.  256. 1152.]
correct count of each class:		[2228.  253. 1106.]
precision of each class:		[98.107, 98.828, 98.662]
recall of each class:			[99.464, 98.828, 96.007]
----------------------------------------------------------------------------------------------------
predicted samples of each class: 	[2246.  256. 1146.]
actual samples of each class:		[2240.  256. 1152.]
correct count of each class:		[2225.  253. 1128.]
precision of each class:		[99.065, 98.828, 98.429]
recall of each class:			[99.33, 98.828, 97.917]
----------------------------------------------------------------------------------------------------
predicted samples of each class: 	[2258.  256. 1134.]
actual samples of each class:		[2240.  256. 1152.]
correct count of each class:		[2229.  254. 1121.]
precision of each class:		[98.716, 99.219, 98.854]
recall of each class:			[99.509, 99.219, 97.309]
----------------------------------------------------------------------------------------------------
predicted samples of each class: 	[2248.  257. 1143.]
actual samples of each class:		[2240.  256. 1152.]
correct count of each class:		[2222.  252. 1122.]
precision of each class:		[98.843, 98.054, 98.163]
recall of each class:			[99.196, 98.438, 97.396]
----------------------------------------------------------------------------------------------------
predicted samples of each class: 	[2255.  251. 1142.]
actual samples of each class:		[2240.  256. 1152.]
correct count of each class:		[2228.  249. 1124.]
precision of each class:		[98.803, 99.203, 98.424]
recall of each class:			[99.464, 97.266, 97.569]
----------------------------------------------------------------------------------------------------
predicted samples of each class: 	[2262.  260. 1126.]
actual samples of each class:		[2240.  256. 1152.]
correct count of each class:		[2229.  253. 1112.]
precision of each class:		[98.541, 97.308, 98.757]
recall of each class:			[99.509, 98.828, 96.528]
----------------------------------------------------------------------------------------------------
predicted samples of each class: 	[2239.  252. 1157.]
actual samples of each class:		[2240.  256. 1152.]
correct count of each class:		[2218.  250. 1130.]
precision of each class:		[99.062, 99.206, 97.666]
recall of each class:			[99.018, 97.656, 98.09]
----------------------------------------------------------------------------------------------------
predicted samples of each class: 	[2255.  256. 1137.]
actual samples of each class:		[2240.  256. 1152.]
correct count of each class:		[2223.  253. 1120.]
precision of each class:		[98.581, 98.828, 98.505]
recall of each class:			[99.241, 98.828, 97.222]
----------------------------------------------------------------------------------------------------
predicted samples of each class: 	[2255.  253. 1140.]
actual samples of each class:		[2240.  256. 1152.]
correct count of each class:		[2231.  252. 1127.]
precision of each class:		[98.936, 99.605, 98.86]
recall of each class:			[99.598, 98.438, 97.83]
----------------------------------------------------------------------------------------------------
predicted samples of each class: 	[2262.  256. 1130.]
actual samples of each class:		[2240.  256. 1152.]
correct count of each class:		[2233.  255. 1123.]
precision of each class:		[98.718, 99.609, 99.381]
recall of each class:			[99.687, 99.609, 97.483]
----------------------------------------------------------------------------------------------------
predicted samples of each class: 	[2248.  258. 1142.]
actual samples of each class:		[2240.  256. 1152.]
correct count of each class:		[2229.  255. 1131.]
precision of each class:		[99.155, 98.837, 99.037]
recall of each class:			[99.509, 99.609, 98.177]
----------------------------------------------------------------------------------------------------
predicted samples of each class: 	[2259.  256. 1133.]
actual samples of each class:		[2240.  256. 1152.]
correct count of each class:		[2231.  254. 1122.]
precision of each class:		[98.761, 99.219, 99.029]
recall of each class:			[99.598, 99.219, 97.396]
----------------------------------------------------------------------------------------------------
predicted samples of each class: 	[2261.  252. 1135.]
actual samples of each class:		[2240.  256. 1152.]
correct count of each class:		[2228.  249. 1118.]
precision of each class:		[98.54, 98.81, 98.502]
recall of each class:			[99.464, 97.266, 97.049]
----------------------------------------------------------------------------------------------------
predicted samples of each class: 	[2208.  240. 1200.]
actual samples of each class:		[2240.  256. 1152.]
correct count of each class:		[2170.  237. 1113.]
precision of each class:		[98.279, 98.75, 92.75]
recall of each class:			[96.875, 92.578, 96.615]
----------------------------------------------------------------------------------------------------
predicted samples of each class: 	[2239.  254. 1155.]
actual samples of each class:		[2240.  256. 1152.]
correct count of each class:		[2197.  248. 1107.]
precision of each class:		[98.124, 97.638, 95.844]
recall of each class:			[98.08, 96.875, 96.094]
----------------------------------------------------------------------------------------------------
predicted samples of each class: 	[2280.  273. 1095.]
actual samples of each class:		[2240.  256. 1152.]
correct count of each class:		[2227.  254. 1081.]
precision of each class:		[97.675, 93.04, 98.721]
recall of each class:			[99.42, 99.219, 93.837]
----------------------------------------------------------------------------------------------------
predicted samples of each class: 	[2281.  270. 1097.]
actual samples of each class:		[2240.  256. 1152.]
correct count of each class:		[2229.  254. 1086.]
precision of each class:		[97.72, 94.074, 98.997]
recall of each class:			[99.509, 99.219, 94.271]
----------------------------------------------------------------------------------------------------
predicted samples of each class: 	[2285.  267. 1096.]
actual samples of each class:		[2240.  256. 1152.]
correct count of each class:		[2232.  252. 1086.]
precision of each class:		[97.681, 94.382, 99.088]
recall of each class:			[99.643, 98.438, 94.271]
----------------------------------------------------------------------------------------------------
predicted samples of each class: 	[2263.  254. 1131.]
actual samples of each class:		[2240.  256. 1152.]
correct count of each class:		[2227.  252. 1114.]
precision of each class:		[98.409, 99.213, 98.497]
recall of each class:			[99.42, 98.438, 96.701]
----------------------------------------------------------------------------------------------------
predicted samples of each class: 	[2248.  258. 1142.]
actual samples of each class:		[2240.  256. 1152.]
correct count of each class:		[2217.  253. 1117.]
precision of each class:		[98.621, 98.062, 97.811]
recall of each class:			[98.973, 98.828, 96.962]
----------------------------------------------------------------------------------------------------
predicted samples of each class: 	[2259.  256. 1133.]
actual samples of each class:		[2240.  256. 1152.]
correct count of each class:		[2230.  253. 1121.]
precision of each class:		[98.716, 98.828, 98.941]
recall of each class:			[99.554, 98.828, 97.309]
----------------------------------------------------------------------------------------------------
predicted samples of each class: 	[2239.  254. 1155.]
actual samples of each class:		[2240.  256. 1152.]
correct count of each class:		[2219.  252. 1130.]
precision of each class:		[99.107, 99.213, 97.835]
recall of each class:			[99.063, 98.438, 98.09]
----------------------------------------------------------------------------------------------------
predicted samples of each class: 	[2250.  257. 1141.]
actual samples of each class:		[2240.  256. 1152.]
correct count of each class:		[2228.  254. 1127.]
precision of each class:		[99.022, 98.833, 98.773]
recall of each class:			[99.464, 99.219, 97.83]
----------------------------------------------------------------------------------------------------
predicted samples of each class: 	[2273.  253. 1122.]
actual samples of each class:		[2240.  256. 1152.]
correct count of each class:		[2235.  251. 1112.]
precision of each class:		[98.328, 99.209, 99.109]
recall of each class:			[99.777, 98.047, 96.528]
----------------------------------------------------------------------------------------------------
predicted samples of each class: 	[2245.  257. 1146.]
actual samples of each class:		[2240.  256. 1152.]
correct count of each class:		[2225.  253. 1128.]
precision of each class:		[99.109, 98.444, 98.429]
recall of each class:			[99.33, 98.828, 97.917]
----------------------------------------------------------------------------------------------------
predicted samples of each class: 	[2233.  274. 1141.]
actual samples of each class:		[2240.  256. 1152.]
correct count of each class:		[2206.  256. 1112.]
precision of each class:		[98.791, 93.431, 97.458]
recall of each class:			[98.482, 100.0, 96.528]
----------------------------------------------------------------------------------------------------
predicted samples of each class: 	[2253.  258. 1137.]
actual samples of each class:		[2240.  256. 1152.]
correct count of each class:		[2225.  254. 1121.]
precision of each class:		[98.757, 98.45, 98.593]
recall of each class:			[99.33, 99.219, 97.309]
----------------------------------------------------------------------------------------------------
predicted samples of each class: 	[2254.  259. 1135.]
actual samples of each class:		[2240.  256. 1152.]
correct count of each class:		[2226.  255. 1122.]
precision of each class:		[98.758, 98.456, 98.855]
recall of each class:			[99.375, 99.609, 97.396]
----------------------------------------------------------------------------------------------------
predicted samples of each class: 	[2265.  259. 1124.]
actual samples of each class:		[2240.  256. 1152.]
correct count of each class:		[2232.  254. 1115.]
precision of each class:		[98.543, 98.07, 99.199]
recall of each class:			[99.643, 99.219, 96.788]
----------------------------------------------------------------------------------------------------
predicted samples of each class: 	[2258.  255. 1135.]
actual samples of each class:		[2240.  256. 1152.]
correct count of each class:		[2227.  254. 1121.]
precision of each class:		[98.627, 99.608, 98.767]
recall of each class:			[99.42, 99.219, 97.309]
----------------------------------------------------------------------------------------------------
predicted samples of each class: 	[2241.  266. 1141.]
actual samples of each class:		[2240.  256. 1152.]
correct count of each class:		[2225.  256. 1128.]
precision of each class:		[99.286, 96.241, 98.861]
recall of each class:			[99.33, 100.0, 97.917]
----------------------------------------------------------------------------------------------------
predicted samples of each class: 	[2243.  257. 1148.]
actual samples of each class:		[2240.  256. 1152.]
correct count of each class:		[2225.  253. 1133.]
precision of each class:		[99.198, 98.444, 98.693]
recall of each class:			[99.33, 98.828, 98.351]
----------------------------------------------------------------------------------------------------
predicted samples of each class: 	[2257.  257. 1134.]
actual samples of each class:		[2240.  256. 1152.]
correct count of each class:		[2229.  254. 1124.]
precision of each class:		[98.759, 98.833, 99.118]
recall of each class:			[99.509, 99.219, 97.569]
----------------------------------------------------------------------------------------------------
predicted samples of each class: 	[2242.  258. 1148.]
actual samples of each class:		[2240.  256. 1152.]
correct count of each class:		[2225.  254. 1133.]
precision of each class:		[99.242, 98.45, 98.693]
recall of each class:			[99.33, 99.219, 98.351]
----------------------------------------------------------------------------------------------------
predicted samples of each class: 	[2225.  256. 1167.]
actual samples of each class:		[2240.  256. 1152.]
correct count of each class:		[2216.  255. 1143.]
precision of each class:		[99.596, 99.609, 97.943]
recall of each class:			[98.929, 99.609, 99.219]
----------------------------------------------------------------------------------------------------
predicted samples of each class: 	[2239.  254. 1155.]
actual samples of each class:		[2240.  256. 1152.]
correct count of each class:		[2227.  253. 1139.]
precision of each class:		[99.464, 99.606, 98.615]
recall of each class:			[99.42, 98.828, 98.872]
----------------------------------------------------------------------------------------------------
predicted samples of each class: 	[2254.  257. 1137.]
actual samples of each class:		[2240.  256. 1152.]
correct count of each class:		[2233.  255. 1129.]
precision of each class:		[99.068, 99.222, 99.296]
recall of each class:			[99.687, 99.609, 98.003]
----------------------------------------------------------------------------------------------------
predicted samples of each class: 	[2235.  256. 1157.]
actual samples of each class:		[2240.  256. 1152.]
correct count of each class:		[2223.  255. 1139.]
precision of each class:		[99.463, 99.609, 98.444]
recall of each class:			[99.241, 99.609, 98.872]
----------------------------------------------------------------------------------------------------
predicted samples of each class: 	[2244.  256. 1148.]
actual samples of each class:		[2240.  256. 1152.]
correct count of each class:		[2229.  254. 1135.]
precision of each class:		[99.332, 99.219, 98.868]
recall of each class:			[99.509, 99.219, 98.524]
----------------------------------------------------------------------------------------------------
predicted samples of each class: 	[2244.  255. 1149.]
actual samples of each class:		[2240.  256. 1152.]
correct count of each class:		[2230.  254. 1137.]
precision of each class:		[99.376, 99.608, 98.956]
recall of each class:			[99.554, 99.219, 98.698]
----------------------------------------------------------------------------------------------------
predicted samples of each class: 	[2244.  261. 1143.]
actual samples of each class:		[2240.  256. 1152.]
correct count of each class:		[2230.  255. 1132.]
precision of each class:		[99.376, 97.701, 99.038]
recall of each class:			[99.554, 99.609, 98.264]
----------------------------------------------------------------------------------------------------
predicted samples of each class: 	[2240.  261. 1147.]
actual samples of each class:		[2240.  256. 1152.]
correct count of each class:		[2226.  255. 1132.]
precision of each class:		[99.375, 97.701, 98.692]
recall of each class:			[99.375, 99.609, 98.264]
----------------------------------------------------------------------------------------------------
predicted samples of each class: 	[2259.  260. 1129.]
actual samples of each class:		[2240.  256. 1152.]
correct count of each class:		[2230.  255. 1118.]
precision of each class:		[98.716, 98.077, 99.026]
recall of each class:			[99.554, 99.609, 97.049]
----------------------------------------------------------------------------------------------------
predicted samples of each class: 	[2242.  257. 1149.]
actual samples of each class:		[2240.  256. 1152.]
correct count of each class:		[2229.  254. 1136.]
precision of each class:		[99.42, 98.833, 98.869]
recall of each class:			[99.509, 99.219, 98.611]
----------------------------------------------------------------------------------------------------
predicted samples of each class: 	[2247.  259. 1142.]
actual samples of each class:		[2240.  256. 1152.]
correct count of each class:		[2227.  255. 1128.]
precision of each class:		[99.11, 98.456, 98.774]
recall of each class:			[99.42, 99.609, 97.917]
----------------------------------------------------------------------------------------------------
predicted samples of each class: 	[2267.  258. 1123.]
actual samples of each class:		[2240.  256. 1152.]
correct count of each class:		[2235.  255. 1117.]
precision of each class:		[98.588, 98.837, 99.466]
recall of each class:			[99.777, 99.609, 96.962]
----------------------------------------------------------------------------------------------------
predicted samples of each class: 	[2263.  257. 1128.]
actual samples of each class:		[2240.  256. 1152.]
correct count of each class:		[2234.  255. 1121.]
precision of each class:		[98.719, 99.222, 99.379]
recall of each class:			[99.732, 99.609, 97.309]
----------------------------------------------------------------------------------------------------
predicted samples of each class: 	[2251.  253. 1144.]
actual samples of each class:		[2240.  256. 1152.]
correct count of each class:		[2229.  253. 1130.]
precision of each class:		[99.023, 100.0, 98.776]
recall of each class:			[99.509, 98.828, 98.09]
----------------------------------------------------------------------------------------------------
predicted samples of each class: 	[2265.  257. 1126.]
actual samples of each class:		[2240.  256. 1152.]
correct count of each class:		[2233.  256. 1119.]
precision of each class:		[98.587, 99.611, 99.378]
recall of each class:			[99.687, 100.0, 97.135]
----------------------------------------------------------------------------------------------------
predicted samples of each class: 	[2240.  255. 1153.]
actual samples of each class:		[2240.  256. 1152.]
correct count of each class:		[2229.  255. 1141.]
precision of each class:		[99.509, 100.0, 98.959]
recall of each class:			[99.509, 99.609, 99.045]
----------------------------------------------------------------------------------------------------
predicted samples of each class: 	[2250.  255. 1143.]
actual samples of each class:		[2240.  256. 1152.]
correct count of each class:		[2228.  254. 1129.]
precision of each class:		[99.022, 99.608, 98.775]
recall of each class:			[99.464, 99.219, 98.003]
----------------------------------------------------------------------------------------------------
predicted samples of each class: 	[2234.  253. 1161.]
actual samples of each class:		[2240.  256. 1152.]
correct count of each class:		[2227.  253. 1145.]
precision of each class:		[99.687, 100.0, 98.622]
recall of each class:			[99.42, 98.828, 99.392]
----------------------------------------------------------------------------------------------------
predicted samples of each class: 	[2245.  257. 1146.]
actual samples of each class:		[2240.  256. 1152.]
correct count of each class:		[2228.  255. 1134.]
precision of each class:		[99.243, 99.222, 98.953]
recall of each class:			[99.464, 99.609, 98.438]
----------------------------------------------------------------------------------------------------
predicted samples of each class: 	[2235.  256. 1157.]
actual samples of each class:		[2240.  256. 1152.]
correct count of each class:		[2227.  256. 1144.]
precision of each class:		[99.642, 100.0, 98.876]
recall of each class:			[99.42, 100.0, 99.306]
----------------------------------------------------------------------------------------------------
predicted samples of each class: 	[2244.  257. 1147.]
actual samples of each class:		[2240.  256. 1152.]
correct count of each class:		[2232.  256. 1139.]
precision of each class:		[99.465, 99.611, 99.303]
recall of each class:			[99.643, 100.0, 98.872]
----------------------------------------------------------------------------------------------------
predicted samples of each class: 	[2252.  255. 1141.]
actual samples of each class:		[2240.  256. 1152.]
correct count of each class:		[2237.  253. 1135.]
precision of each class:		[99.334, 99.216, 99.474]
recall of each class:			[99.866, 98.828, 98.524]
----------------------------------------------------------------------------------------------------
predicted samples of each class: 	[2235.  256. 1157.]
actual samples of each class:		[2240.  256. 1152.]
correct count of each class:		[2228.  255. 1144.]
precision of each class:		[99.687, 99.609, 98.876]
recall of each class:			[99.464, 99.609, 99.306]
----------------------------------------------------------------------------------------------------
predicted samples of each class: 	[2253.  256. 1139.]
actual samples of each class:		[2240.  256. 1152.]
correct count of each class:		[2237.  255. 1135.]
precision of each class:		[99.29, 99.609, 99.649]
recall of each class:			[99.866, 99.609, 98.524]
----------------------------------------------------------------------------------------------------
predicted samples of each class: 	[2229.  257. 1162.]
actual samples of each class:		[2240.  256. 1152.]
correct count of each class:		[2225.  256. 1147.]
precision of each class:		[99.821, 99.611, 98.709]
recall of each class:			[99.33, 100.0, 99.566]
----------------------------------------------------------------------------------------------------
predicted samples of each class: 	[2242.  258. 1148.]
actual samples of each class:		[2240.  256. 1152.]
correct count of each class:		[2231.  256. 1139.]
precision of each class:		[99.509, 99.225, 99.216]
recall of each class:			[99.598, 100.0, 98.872]
----------------------------------------------------------------------------------------------------
predicted samples of each class: 	[2251.  258. 1139.]
actual samples of each class:		[2240.  256. 1152.]
correct count of each class:		[2236.  256. 1135.]
precision of each class:		[99.334, 99.225, 99.649]
recall of each class:			[99.821, 100.0, 98.524]
----------------------------------------------------------------------------------------------------
predicted samples of each class: 	[2234.  258. 1156.]
actual samples of each class:		[2240.  256. 1152.]
correct count of each class:		[2231.  256. 1147.]
precision of each class:		[99.866, 99.225, 99.221]
recall of each class:			[99.598, 100.0, 99.566]
----------------------------------------------------------------------------------------------------
predicted samples of each class: 	[2237.  254. 1157.]
actual samples of each class:		[2240.  256. 1152.]
correct count of each class:		[2233.  254. 1148.]
precision of each class:		[99.821, 100.0, 99.222]
recall of each class:			[99.687, 99.219, 99.653]
