predicted samples of each class: 	[2994.  105. 1061.]
actual samples of each class:	[2724.  254. 1182.]
correct count of each class:		[2636.   95.  862.]
precision of each class:		[88.043, 90.476, 81.244]
recall of each class:		[96.769, 37.402, 72.927]
predicted samples of each class: 	[2853.  281. 1026.]
actual samples of each class:	[2724.  254. 1182.]
correct count of each class:		[2615.  213.  914.]
precision of each class:		[91.658, 75.801, 89.084]
recall of each class:		[95.999, 83.858, 77.327]
predicted samples of each class: 	[2731.  230. 1199.]
actual samples of each class:	[2724.  254. 1182.]
correct count of each class:		[2554.  181.  995.]
precision of each class:		[93.519, 78.696, 82.986]
recall of each class:		[93.759, 71.26, 84.179]
predicted samples of each class: 	[2785.  217. 1158.]
actual samples of each class:	[2724.  254. 1182.]
correct count of each class:		[2604.  189.  991.]
precision of each class:		[93.501, 87.097, 85.579]
recall of each class:		[95.595, 74.409, 83.841]
predicted samples of each class: 	[2796.  201. 1163.]
actual samples of each class:	[2724.  254. 1182.]
correct count of each class:		[2608.  188.  993.]
precision of each class:		[93.276, 93.532, 85.383]
recall of each class:		[95.742, 74.016, 84.01]
predicted samples of each class: 	[2798.  245. 1117.]
actual samples of each class:	[2724.  254. 1182.]
correct count of each class:		[2613.  209.  992.]
precision of each class:		[93.388, 85.306, 88.809]
recall of each class:		[95.925, 82.283, 83.926]
predicted samples of each class: 	[2909.  265.  986.]
actual samples of each class:	[2724.  254. 1182.]
correct count of each class:		[2697.  223.  947.]
precision of each class:		[92.712, 84.151, 96.045]
recall of each class:		[99.009, 87.795, 80.118]
predicted samples of each class: 	[2810.  246. 1104.]
actual samples of each class:	[2724.  254. 1182.]
correct count of each class:		[2648.  222. 1011.]
precision of each class:		[94.235, 90.244, 91.576]
recall of each class:		[97.21, 87.402, 85.533]
predicted samples of each class: 	[2807.  271. 1082.]
actual samples of each class:	[2724.  254. 1182.]
correct count of each class:		[2654.  230. 1007.]
precision of each class:		[94.549, 84.871, 93.068]
recall of each class:		[97.43, 90.551, 85.195]
predicted samples of each class: 	[2612.  233. 1315.]
actual samples of each class:	[2724.  254. 1182.]
correct count of each class:		[2535.  222. 1100.]
precision of each class:		[97.052, 95.279, 83.65]
recall of each class:		[93.062, 87.402, 93.063]
predicted samples of each class: 	[2819.  290. 1051.]
actual samples of each class:	[2724.  254. 1182.]
correct count of each class:		[2670.  243. 1001.]
precision of each class:		[94.714, 83.793, 95.243]
recall of each class:		[98.018, 95.669, 84.687]
predicted samples of each class: 	[2853.  256. 1051.]
actual samples of each class:	[2724.  254. 1182.]
correct count of each class:		[2702.  237. 1021.]
precision of each class:		[94.707, 92.578, 97.146]
recall of each class:		[99.192, 93.307, 86.379]
predicted samples of each class: 	[2784.  269. 1107.]
actual samples of each class:	[2724.  254. 1182.]
correct count of each class:		[2655.  239. 1034.]
precision of each class:		[95.366, 88.848, 93.406]
recall of each class:		[97.467, 94.094, 87.479]
predicted samples of each class: 	[2781.  277. 1102.]
actual samples of each class:	[2724.  254. 1182.]
correct count of each class:		[2680.  241. 1057.]
precision of each class:		[96.368, 87.004, 95.917]
recall of each class:		[98.385, 94.882, 89.425]
predicted samples of each class: 	[2789.  279. 1092.]
actual samples of each class:	[2724.  254. 1182.]
correct count of each class:		[2680.  246. 1064.]
precision of each class:		[96.092, 88.172, 97.436]
recall of each class:		[98.385, 96.85, 90.017]
predicted samples of each class: 	[2802.  254. 1104.]
actual samples of each class:	[2724.  254. 1182.]
correct count of each class:		[2695.  239. 1065.]
precision of each class:		[96.181, 94.094, 96.467]
recall of each class:		[98.935, 94.094, 90.102]
predicted samples of each class: 	[2771.  272. 1117.]
actual samples of each class:	[2724.  254. 1182.]
correct count of each class:		[2672.  243. 1064.]
precision of each class:		[96.427, 89.338, 95.255]
recall of each class:		[98.091, 95.669, 90.017]
predicted samples of each class: 	[2824.  273. 1063.]
actual samples of each class:	[2724.  254. 1182.]
correct count of each class:		[2698.  244. 1032.]
precision of each class:		[95.538, 89.377, 97.084]
recall of each class:		[99.046, 96.063, 87.31]
predicted samples of each class: 	[2767.  274. 1119.]
actual samples of each class:	[2724.  254. 1182.]
correct count of each class:		[2672.  246. 1066.]
precision of each class:		[96.567, 89.781, 95.264]
recall of each class:		[98.091, 96.85, 90.186]
